05/11/17 00:02:30 (02276.02280) Created log file
05/11/17 00:02:30 (02276.02280) ServiceCtrlHandler: Received SERVICE_CONTROL_STOP
05/11/17 00:02:30 (02276.02280) Signaling the service to stop
05/11/17 00:02:30 (02276.02484) Shutdown Signalled
05/11/17 00:02:30 (02276.03276) CUserIdentThread: stopped
05/11/17 00:02:30 (02276.03272) CHeartbeatThread: stopped
05/11/17 00:02:30 (02276.02484) CUserAgent: thread stopped
05/11/17 00:02:30 (02276.02484) Shutting Down
05/11/17 00:02:30 (02276.02484) SvrUninitialize Begin
05/11/17 00:02:30 (02276.02484) Uninitializing User Agent Instance
05/11/17 00:02:30 (02276.02484) CUserAgent::Uninitialize
05/11/17 00:02:30 (02276.02484) CIdentity::Uninitialize
05/11/17 00:02:30 (02276.02484) Shutting down LTDP server socket ...
05/11/17 00:02:31 (02276.02484) CUserAgent::Uninitialize: Complete
05/11/17 00:02:31 (02276.02484) Uninitializing WinSock
05/11/17 00:02:31 (02276.02484) Uninitializing COM
05/11/17 00:02:31 (02276.02484) Freeing User Agent Instance
05/11/17 00:02:31 (02276.02484) SvrUninitialize End
05/11/17 00:02:31 (02276.02280) Waiting for update thread to complete ...
05/11/17 00:02:31 (02276.02480) [!] CUpdate: Stop signaled
05/11/17 00:02:31 (02276.02480) CUpdate: thread stopped
05/11/17 00:02:31 (02276.02280) Closed log file
05/11/17 07:40:04 (02224.02228) Opened log file
05/11/17 07:40:04 (02224.02228) User Agent build version = 2.1.14
05/11/17 07:40:04 (02224.02412) CUpdate: thread started
05/11/17 07:40:04 (02224.02412) CUpdate: Download folder = "C:\Program Files\Lightspeed Systems\User Agent\Tmp\"
05/11/17 07:40:05 (02224.02416) SvrInitialize Begin
05/11/17 07:40:05 (02224.02416) Initializing COM
05/11/17 07:40:05 (02224.02416) Initializing WinSock 2.2
05/11/17 07:40:05 (02224.02416) CUserAgent::Initialize
05/11/17 07:40:05 (02224.02416) Windows version: 6.2
05/11/17 07:40:05 (02224.02416) User Agent resource version: 2.1.14
05/11/17 07:40:05 (02224.02416) Loading Options
05/11/17 07:40:05 (02224.02416) Novell not detected -- assuming Microsoft network
05/11/17 07:40:05 (02224.02416) Creating IO Buffer Manager
05/11/17 07:40:05 (02224.02416) Loading WTS Functions
05/11/17 07:40:05 (02224.02416) Creating LTDP Server
05/11/17 07:40:05 (02224.02416) Creating Identifier
05/11/17 07:40:05 (02224.02416) [*] IP Address Adapter Info => 
05/11/17 07:40:05 (02224.02416)     Adapter name: {29284718-B5FB-4B6E-867A-21A68118642C}
05/11/17 07:40:05 (02224.02416)     Description: VirtualBox Host-Only Ethernet Adapter
05/11/17 07:40:05 (02224.02416)     Friendly name: VirtualBox Host-Only Network
05/11/17 07:40:05 (02224.02416)     - IP ADDRESS (IPv4) = 192.168.56.1
05/11/17 07:40:05 (02224.02416) 
05/11/17 07:40:05 (02224.02416) Creating Registry Monitor
05/11/17 07:40:05 (02224.02416) Identification Server: 10.1.110.70
05/11/17 07:40:05 (02224.02416) CUserAgent::Initialize: complete
05/11/17 07:40:05 (02224.02416) SvrInitialize End
05/11/17 07:40:05 (02224.03284) CHeartbeatThread: started
05/11/17 07:40:05 (02224.03288) CUserIdentThread: started
05/11/17 07:40:05 (02224.03292) CRegMonitor: started
05/11/17 07:40:05 (02224.02416) CUserAgent: service running
05/11/17 07:40:06 (02224.02416) [IDENT] Startup computer identity:
    OS Version:    6.2.9200
    Computer Name: WESTADA\CHS-CMPSCI-08-S
    Computer DN:   
05/11/17 07:40:06 (02224.02416) [IDENT] No user currently logged in.
05/11/17 07:40:06 (02224.02416) [!] CIdentity::Report: Failed to report (v3).
    [!] CIdentity::Report: Failed to connect to identification server.
    A socket operation was attempted to an unreachable network. Error code = 10051.. Error code = 10051
05/11/17 07:40:06 (02224.02416) [IDENT] IdentifyStartup: Successfully reported user information to Identification Server (10.1.110.70)
05/11/17 07:40:12 (02224.02416) IP Change Notification
05/11/17 07:40:12 (02224.02416) [*] IP Address Adapter Info => 
05/11/17 07:40:12 (02224.02416)     Adapter name: {94B4FC0A-431D-46B3-9F2E-AF5FB80AE02C}
05/11/17 07:40:12 (02224.02416)     Description: Intel(R) Ethernet Connection (2) I219-LM
05/11/17 07:40:12 (02224.02416)     Friendly name: Ethernet
05/11/17 07:40:12 (02224.02416)     - IP ADDRESS (IPv4) = 10.109.7.13
05/11/17 07:40:12 (02224.02416) 
05/11/17 07:40:12 (02224.02416)     Adapter name: {29284718-B5FB-4B6E-867A-21A68118642C}
05/11/17 07:40:12 (02224.02416)     Description: VirtualBox Host-Only Ethernet Adapter
05/11/17 07:40:12 (02224.02416)     Friendly name: VirtualBox Host-Only Network
05/11/17 07:40:12 (02224.02416)     - IP ADDRESS (IPv4) = 192.168.56.1
05/11/17 07:40:12 (02224.02416) 
05/11/17 07:40:12 (02224.02416) IP Change Notification
05/11/17 07:40:12 (02224.02416) [*] IP Address Adapter Info => 
05/11/17 07:40:12 (02224.02416)     Adapter name: {94B4FC0A-431D-46B3-9F2E-AF5FB80AE02C}
05/11/17 07:40:12 (02224.02416)     Description: Intel(R) Ethernet Connection (2) I219-LM
05/11/17 07:40:12 (02224.02416)     Friendly name: Ethernet
05/11/17 07:40:12 (02224.02416)     - IP ADDRESS (IPv4) = 10.109.7.13
05/11/17 07:40:12 (02224.02416)     - IP ADDRESS (IPv4) = 169.254.234.163
05/11/17 07:40:12 (02224.02416) 
05/11/17 07:40:12 (02224.02416)     Adapter name: {29284718-B5FB-4B6E-867A-21A68118642C}
05/11/17 07:40:12 (02224.02416)     Description: VirtualBox Host-Only Ethernet Adapter
05/11/17 07:40:12 (02224.02416)     Friendly name: VirtualBox Host-Only Network
05/11/17 07:40:12 (02224.02416)     - IP ADDRESS (IPv4) = 192.168.56.1
05/11/17 07:40:12 (02224.02416) 
05/11/17 07:40:15 (02224.02416) IP Change Notification
05/11/17 07:40:15 (02224.02416) [*] IP Address Adapter Info => 
05/11/17 07:40:15 (02224.02416)     Adapter name: {94B4FC0A-431D-46B3-9F2E-AF5FB80AE02C}
05/11/17 07:40:15 (02224.02416)     Description: Intel(R) Ethernet Connection (2) I219-LM
05/11/17 07:40:15 (02224.02416)     Friendly name: Ethernet
05/11/17 07:40:15 (02224.02416)     - IP ADDRESS (IPv4) = 10.109.7.13
05/11/17 07:40:15 (02224.02416) 
05/11/17 07:40:15 (02224.02416)     Adapter name: {29284718-B5FB-4B6E-867A-21A68118642C}
05/11/17 07:40:15 (02224.02416)     Description: VirtualBox Host-Only Ethernet Adapter
05/11/17 07:40:15 (02224.02416)     Friendly name: VirtualBox Host-Only Network
05/11/17 07:40:15 (02224.02416)     - IP ADDRESS (IPv4) = 192.168.56.1
05/11/17 07:40:15 (02224.02416) 
05/11/17 07:40:16 (02224.03280) CLTDPServer:OnRecieveFrom: Logon User Query (NextGen); Bytes=12
05/11/17 07:40:16 (02224.02228) [IDENT] Session change: WTS_CONSOLE_CONNECT; SessionID=1
05/11/17 07:40:20 (02224.02416) IP Change User Update
05/11/17 07:40:20 (02224.02416) [*] IP Address Adapter Info => 
05/11/17 07:40:20 (02224.02416)     Adapter name: {94B4FC0A-431D-46B3-9F2E-AF5FB80AE02C}
05/11/17 07:40:20 (02224.02416)     Description: Intel(R) Ethernet Connection (2) I219-LM
05/11/17 07:40:20 (02224.02416)     Friendly name: Ethernet
05/11/17 07:40:20 (02224.02416)     - IP ADDRESS (IPv4) = 10.109.7.13
05/11/17 07:40:20 (02224.02416) 
05/11/17 07:40:20 (02224.02416)     Adapter name: {29284718-B5FB-4B6E-867A-21A68118642C}
05/11/17 07:40:20 (02224.02416)     Description: VirtualBox Host-Only Ethernet Adapter
05/11/17 07:40:20 (02224.02416)     Friendly name: VirtualBox Host-Only Network
05/11/17 07:40:20 (02224.02416)     - IP ADDRESS (IPv4) = 192.168.56.1
05/11/17 07:40:20 (02224.02416) 
05/11/17 07:40:20 (02224.02416) [IDENT] Computer identity:
    OS Version:    6.2.9200
    Computer Name: WESTADA\CHS-CMPSCI-08-S
    Computer DN:   CN=CHS-CMPSCI-08-S,OU=CHS,OU=Workstations,DC=westada,DC=internal
05/11/17 07:40:20 (02224.02416) [IDENT] No user currently logged in.
05/11/17 07:40:20 (02224.02416) [IDENT] TriggerUserChange: Successfully reported user information to Identification Server (10.1.110.70)
05/11/17 07:42:04 (02224.02412) [*] CUpdate: Update server = "10.1.110.70"
05/11/17 07:42:04 (02224.02412) [!] CUpdate: Unable to get update package manifest "10.1.110.70/api/user_agent/updates/ua_update_x64.md5",
    HTTP status code = 404
05/11/17 08:10:06 (02224.03284) [IDENT] SendHeartbeat: Successfully reported user information to Identification Server (10.1.110.70)
05/11/17 08:40:06 (02224.03284) [IDENT] SendHeartbeat: Successfully reported user information to Identification Server (10.1.110.70)
05/11/17 09:10:06 (02224.03284) [IDENT] SendHeartbeat: Successfully reported user information to Identification Server (10.1.110.70)
05/11/17 09:15:45 (02224.02228) [IDENT] Session change: WTS_SESSION_LOGON; SessionID=1
05/11/17 09:15:45 (02224.02228) [IDENT] HandleLogon: SessionID=1
05/11/17 09:15:45 (02224.02228) [*] CIdentity::OnIdentifyLogonUser; Ident.User Domain CN=Domain Users,CN=Users,DC=westada,DC=internal  Group Domain Users
05/11/17 09:15:45 (02224.02228) [*] CIdentity::OnIdentifyLogonUser; Ident.User Domain CN=Xialinks_HS_Students,OU=High,OU=Apps,DC=westada,DC=internal  Group Xialinks_HS_Students
05/11/17 09:15:45 (02224.02228) [*] CIdentity::OnIdentifyLogonUser; Ident.User Domain CN=Audacity,OU=Apps,DC=westada,DC=internal  Group Audacity
05/11/17 09:15:45 (02224.02228) [*] CIdentity::OnIdentifyLogonUser; Ident.User Domain CN=MVHS Grade 10 Students,OU=MVHS,OU=Students,DC=westada,DC=internal  Group MVHS Grade 10 Students
05/11/17 09:15:45 (02224.02228) [*] CIdentity::OnIdentifyLogonUser; Ident.User Domain CN=MVHS Students,OU=MVHS,OU=Students,DC=westada,DC=internal  Group MVHS Students
05/11/17 09:15:45 (02224.02228) [*] CIdentity::OnIdentifyLogonUser; Ident.User Domain CN=MDM Sites,OU=Groups,OU=Services,DC=westada,DC=internal  Group MDM Sites
05/11/17 09:15:45 (02224.02228) [*] CIdentity::OnIdentifyLogonUser; Ident.User Domain CN=ALL_Students,OU=Groups,OU=Services,DC=westada,DC=internal  Group ALL_Students
05/11/17 09:15:45 (02224.02228) [*] CIdentity::OnIdentifyLogonUser; Ident.User Domain CN=Students Reporting Users,OU=Reporting Users,OU=Reporting,OU=District Data Warehouse Array,OU=Groups,OU=Services,DC=westada,DC=internal  Group Students Reporting Users
05/11/17 09:15:45 (02224.02228) [*] CIdentity::OnIdentifyLogonUser; Ident.User Domain CN=Internet NO,OU=Groups,OU=Services,DC=westada,DC=internal  Group Internet NO
05/11/17 09:15:45 (02224.02228) [*] CIdentity::OnIdentifyLogonUser; Ident.User Domain CN=All Reporting Users,OU=Reporting Users,OU=Reporting,OU=District Data Warehouse Array,OU=Groups,OU=Services,DC=westada,DC=internal  Group All Reporting Users
05/11/17 09:15:45 (02224.02228) [IDENT] Logon user identity:
    User Name:   WESTADA\gbens6445
    User DN:     CN=gbens6445,OU=MVHS,OU=Students,DC=westada,DC=internal
    User Groups: Domain Users, Xialinks_HS_Students, Audacity, MVHS Grade 10 Students, MVHS Students, MDM Sites, ALL_Students, Students Reporting Users, Internet NO, All Reporting Users

05/11/17 09:15:45 (02224.02228) [IDENT] OnIdentifyLogonUser: Successfully reported user information to Identification Server (10.1.110.70)
05/11/17 09:40:06 (02224.03284) [IDENT] SendHeartbeat: Successfully reported user information to Identification Server (10.1.110.70)
05/11/17 09:42:04 (02224.02412) [*] CUpdate: Update server = "10.1.110.70"
05/11/17 09:42:04 (02224.02412) [!] CUpdate: Unable to get update package manifest "10.1.110.70/api/user_agent/updates/ua_update_x64.md5",
    HTTP status code = 404
05/11/17 10:10:06 (02224.03284) [IDENT] SendHeartbeat: Successfully reported user information to Identification Server (10.1.110.70)
05/11/17 10:40:06 (02224.03284) [IDENT] SendHeartbeat: Successfully reported user information to Identification Server (10.1.110.70)
